<?xml version="1.0" encoding="UTF-8"?>
<testng-results skipped="0" failed="0" total="1" passed="1">
  <reporter-output>
  </reporter-output>
  <suite name="Default suite" duration-ms="3750" started-at="2019-12-16T01:36:45Z" finished-at="2019-12-16T01:36:49Z">
    <groups>
    </groups>
    <test name="Default test" duration-ms="3750" started-at="2019-12-16T01:36:45Z" finished-at="2019-12-16T01:36:49Z">
      <class name="demo.test2">
        <test-method status="PASS" signature="createPlaceAPI()[pri:0, instance:demo.test2@402f32ff]" name="createPlaceAPI" duration-ms="3725" started-at="2019-12-15T20:36:45Z" finished-at="2019-12-15T20:36:49Z">
          <reporter-output>
          </reporter-output>
        </test-method> <!-- createPlaceAPI -->
      </class> <!-- demo.test2 -->
    </test> <!-- Default test -->
  </suite> <!-- Default suite -->
</testng-results>
